0 info it worked if it ends with ok
1 verbose cli [ '/usr/local/bin/node',
1 verbose cli   '/usr/local/bin/npm',
1 verbose cli   'run',
1 verbose cli   'chrome-watch' ]
2 info using npm@3.9.5
3 info using node@v6.2.2
4 verbose run-script [ 'prechrome-watch', 'chrome-watch', 'postchrome-watch' ]
5 info lifecycle extenstion-boilerplate@0.0.2~prechrome-watch: extenstion-boilerplate@0.0.2
6 silly lifecycle extenstion-boilerplate@0.0.2~prechrome-watch: no script for prechrome-watch, continuing
7 info lifecycle extenstion-boilerplate@0.0.2~chrome-watch: extenstion-boilerplate@0.0.2
8 verbose lifecycle extenstion-boilerplate@0.0.2~chrome-watch: unsafe-perm in lifecycle true
9 verbose lifecycle extenstion-boilerplate@0.0.2~chrome-watch: PATH: /usr/local/lib/node_modules/npm/bin/node-gyp-bin:/Users/donambridge/Documents/Github Repos/extension-boilerplate/node_modules/.bin:/usr/local/bin:/usr/local/php5/bin:/Users/donambridge/.rvm/gems/ruby-2.0.0-p353/bin:/Users/donambridge/.rvm/gems/ruby-2.0.0-p353@global/bin:/Users/donambridge/.rvm/rubies/ruby-2.0.0-p353/bin:/usr/local/bin:/usr/bin:/bin:/usr/sbin:/sbin:/Users/donambridge/.rvm/bin:~/.composer/vendor/bin:~/Documents/Github Repos/spark-installer
10 verbose lifecycle extenstion-boilerplate@0.0.2~chrome-watch: CWD: /Users/donambridge/Documents/Github Repos/extension-boilerplate
11 silly lifecycle extenstion-boilerplate@0.0.2~chrome-watch: Args: [ '-c', 'TARGET=chrome gulp watch' ]
12 silly lifecycle extenstion-boilerplate@0.0.2~chrome-watch: Returned: code: 1  signal: null
13 info lifecycle extenstion-boilerplate@0.0.2~chrome-watch: Failed to exec chrome-watch script
14 verbose stack Error: extenstion-boilerplate@0.0.2 chrome-watch: `TARGET=chrome gulp watch`
14 verbose stack Exit status 1
14 verbose stack     at EventEmitter.<anonymous> (/usr/local/lib/node_modules/npm/lib/utils/lifecycle.js:245:16)
14 verbose stack     at emitTwo (events.js:106:13)
14 verbose stack     at EventEmitter.emit (events.js:191:7)
14 verbose stack     at ChildProcess.<anonymous> (/usr/local/lib/node_modules/npm/lib/utils/spawn.js:24:14)
14 verbose stack     at emitTwo (events.js:106:13)
14 verbose stack     at ChildProcess.emit (events.js:191:7)
14 verbose stack     at maybeClose (internal/child_process.js:852:16)
14 verbose stack     at Process.ChildProcess._handle.onexit (internal/child_process.js:215:5)
15 verbose pkgid extenstion-boilerplate@0.0.2
16 verbose cwd /Users/donambridge/Documents/Github Repos/extension-boilerplate
17 error Darwin 16.4.0
18 error argv "/usr/local/bin/node" "/usr/local/bin/npm" "run" "chrome-watch"
19 error node v6.2.2
20 error npm  v3.9.5
21 error code ELIFECYCLE
22 error extenstion-boilerplate@0.0.2 chrome-watch: `TARGET=chrome gulp watch`
22 error Exit status 1
23 error Failed at the extenstion-boilerplate@0.0.2 chrome-watch script 'TARGET=chrome gulp watch'.
23 error Make sure you have the latest version of node.js and npm installed.
23 error If you do, this is most likely a problem with the extenstion-boilerplate package,
23 error not with npm itself.
23 error Tell the author that this fails on your system:
23 error     TARGET=chrome gulp watch
23 error You can get information on how to open an issue for this project with:
23 error     npm bugs extenstion-boilerplate
23 error Or if that isn't available, you can get their info via:
23 error     npm owner ls extenstion-boilerplate
23 error There is likely additional logging output above.
24 verbose exit [ 1, true ]
